<?xml version="1.0" encoding="UTF-8"?>
<!-- Generated by org.testng.reporters.JUnitXMLReporter -->
<testsuite ignored="0" hostname="CTAADPG038QXK" failures="0" tests="3" name="Test" time="0.043" errors="0" timestamp="2023-02-28T13:57:28 IST">
  <testcase classname="TaskPackage.TaskTestClass" name="@BeforeSuite beforesuit" time="-1.677572848461E9">
    <failure type="org.testng.TestNGException" message="
Parameter &amp;apos;browser&amp;apos; is required by BeforeSuite on method beforesuit but has not been marked @Optional or defined
in C:\Users\AbhijeetY\git\CTpractice\TalentPoolTask\TalentPoolTaskSuite.xml">
      <![CDATA[org.testng.TestNGException: 
Parameter 'browser' is required by BeforeSuite on method beforesuit but has not been marked @Optional or defined
in C:\Users\AbhijeetY\git\CTpractice\TalentPoolTask\TalentPoolTaskSuite.xml
... Removed 16 stack frames]]>
    </failure>
  </testcase> <!-- @BeforeSuite beforesuit -->
  <testcase classname="TaskPackage.TaskTestClass" name="@BeforeTest beforetest" time="0.0">
    <skipped/>
  </testcase> <!-- @BeforeTest beforetest -->
  <testcase classname="TaskPackage.TaskTestClass" name="@BeforeClass beforemethod" time="0.0">
    <skipped/>
  </testcase> <!-- @BeforeClass beforemethod -->
  <testcase classname="TaskPackage.TaskTestClass" name="test1" time="0.0">
    <skipped/>
  </testcase> <!-- test1 -->
  <testcase classname="TaskPackage.TaskTestClass" name="test2" time="0.0">
    <skipped/>
  </testcase> <!-- test2 -->
  <testcase classname="TaskPackage.TaskTestClass" name="test3" time="0.0">
    <skipped/>
  </testcase> <!-- test3 -->
</testsuite> <!-- Test -->
